# JRE version: Java(TM) SE Runtime Environment (8.0_211-b12) (build 1.8.0_211-b12)
# Java VM: Java HotSpot(TM) 64-Bit Server VM (25.211-b12 mixed mode windows-amd64 compressed oops)
Heap:
 PSYoungGen      total 9728K, used 9510K [0x00000000f5800000, 0x00000000f6280000, 0x0000000100000000)
  eden space 8704K, 97% used [0x00000000f5800000,0x00000000f6049ae0,0x00000000f6080000)
  from space 1024K, 100% used [0x00000000f6080000,0x00000000f6180000,0x00000000f6180000)
  to   space 1024K, 0% used [0x00000000f6180000,0x00000000f6180000,0x00000000f6280000)
 ParOldGen       total 22016K, used 7831K [0x00000000e0800000, 0x00000000e1d80000, 0x00000000f5800000)
  object space 22016K, 35% used [0x00000000e0800000,0x00000000e0fa5fa0,0x00000000e1d80000)
 Metaspace       used 15490K, capacity 16160K, committed 16256K, reserved 1062912K
  class space    used 2242K, capacity 2384K, committed 2432K, reserved 1048576K
GC Heap History (6 events):
Event: 3.564 GC heap before
{Heap before GC invocations=1 (full 0):
 PSYoungGen      total 9728K, used 8676K [0x00000000f5800000, 0x00000000f6280000, 0x0000000100000000)
  eden space 8704K, 99% used [0x00000000f5800000,0x00000000f60792c0,0x00000000f6080000)
  from space 1024K, 0% used [0x00000000f6180000,0x00000000f6180000,0x00000000f6280000)
  to   space 1024K, 0% used [0x00000000f6080000,0x00000000f6080000,0x00000000f6180000)
 ParOldGen       total 22016K, used 0K [0x00000000e0800000, 0x00000000e1d80000, 0x00000000f5800000)
  object space 22016K, 0% used [0x00000000e0800000,0x00000000e0800000,0x00000000e1d80000)
 Metaspace       used 7342K, capacity 7734K, committed 7936K, reserved 1056768K
  class space    used 897K, capacity 998K, committed 1024K, reserved 1048576K
Event: 3.599 GC heap after
Heap after GC invocations=1 (full 0):
 PSYoungGen      total 9728K, used 1023K [0x00000000f5800000, 0x00000000f6280000, 0x0000000100000000)
  eden space 8704K, 0% used [0x00000000f5800000,0x00000000f5800000,0x00000000f6080000)
  from space 1024K, 99% used [0x00000000f6080000,0x00000000f617fc30,0x00000000f6180000)
  to   space 1024K, 0% used [0x00000000f6180000,0x00000000f6180000,0x00000000f6280000)
 ParOldGen       total 22016K, used 151K [0x00000000e0800000, 0x00000000e1d80000, 0x00000000f5800000)
  object space 22016K, 0% used [0x00000000e0800000,0x00000000e0825fd8,0x00000000e1d80000)
 Metaspace       used 7342K, capacity 7734K, committed 7936K, reserved 1056768K
  class space    used 897K, capacity 998K, committed 1024K, reserved 1048576K
}
Event: 18.137 GC heap before
{Heap before GC invocations=2 (full 0):
 PSYoungGen      total 9728K, used 9727K [0x00000000f5800000, 0x00000000f6280000, 0x0000000100000000)
  eden space 8704K, 100% used [0x00000000f5800000,0x00000000f6080000,0x00000000f6080000)
  from space 1024K, 99% used [0x00000000f6080000,0x00000000f617fc30,0x00000000f6180000)
  to   space 1024K, 0% used [0x00000000f6180000,0x00000000f6180000,0x00000000f6280000)
 ParOldGen       total 22016K, used 151K [0x00000000e0800000, 0x00000000e1d80000, 0x00000000f5800000)
  object space 22016K, 0% used [0x00000000e0800000,0x00000000e0825fd8,0x00000000e1d80000)
 Metaspace       used 11101K, capacity 11468K, committed 11520K, reserved 1058816K
  class space    used 1416K, capacity 1506K, committed 1536K, reserved 1048576K
Event: 18.195 GC heap after
Heap after GC invocations=2 (full 0):
 PSYoungGen      total 9728K, used 1024K [0x00000000f5800000, 0x00000000f6280000, 0x0000000100000000)
  eden space 8704K, 0% used [0x00000000f5800000,0x00000000f5800000,0x00000000f6080000)
  from space 1024K, 100% used [0x00000000f6180000,0x00000000f6280000,0x00000000f6280000)
  to   space 1024K, 0% used [0x00000000f6080000,0x00000000f6080000,0x00000000f6180000)
 ParOldGen       total 22016K, used 2177K [0x00000000e0800000, 0x00000000e1d80000, 0x00000000f5800000)
  object space 22016K, 9% used [0x00000000e0800000,0x00000000e0a20470,0x00000000e1d80000)
 Metaspace       used 11101K, capacity 11468K, committed 11520K, reserved 1058816K
  class space    used 1416K, capacity 1506K, committed 1536K, reserved 1048576K
}
Event: 25.702 GC heap before
{Heap before GC invocations=3 (full 0):
 PSYoungGen      total 9728K, used 9728K [0x00000000f5800000, 0x00000000f6280000, 0x0000000100000000)
  eden space 8704K, 100% used [0x00000000f5800000,0x00000000f6080000,0x00000000f6080000)
  from space 1024K, 100% used [0x00000000f6180000,0x00000000f6280000,0x00000000f6280000)
  to   space 1024K, 0% used [0x00000000f6080000,0x00000000f6080000,0x00000000f6180000)
 ParOldGen       total 22016K, used 2177K [0x00000000e0800000, 0x00000000e1d80000, 0x00000000f5800000)
  object space 22016K, 9% used [0x00000000e0800000,0x00000000e0a20470,0x00000000e1d80000)
 Metaspace       used 12222K, capacity 12672K, committed 12800K, reserved 1060864K
  class space    used 1633K, capacity 1734K, committed 1792K, reserved 1048576K
Event: 25.718 GC heap after
Heap after GC invocations=3 (full 0):
 PSYoungGen      total 9728K, used 1024K [0x00000000f5800000, 0x00000000f6280000, 0x0000000100000000)
  eden space 8704K, 0% used [0x00000000f5800000,0x00000000f5800000,0x00000000f6080000)
  from space 1024K, 100% used [0x00000000f6080000,0x00000000f6180000,0x00000000f6180000)
  to   space 1024K, 0% used [0x00000000f6180000,0x00000000f6180000,0x00000000f6280000)
 ParOldGen       total 22016K, used 7831K [0x00000000e0800000, 0x00000000e1d80000, 0x00000000f5800000)
  object space 22016K, 35% used [0x00000000e0800000,0x00000000e0fa5fa0,0x00000000e1d80000)
 Metaspace       used 12222K, capacity 12672K, committed 12800K, reserved 1060864K
  class space    used 1633K, capacity 1734K, committed 1792K, reserved 1048576K
}

